<?xml version="1.0" encoding="UTF-8"?>
<testng-results skipped="0" failed="0" ignored="0" total="1" passed="1">
  <reporter-output>
  </reporter-output>
  <suite name="Default suite" duration-ms="33837" started-at="2020-08-04T10:22:04 IST" finished-at="2020-08-04T10:22:38 IST">
    <groups>
    </groups>
    <test name="Default test" duration-ms="33837" started-at="2020-08-04T10:22:04 IST" finished-at="2020-08-04T10:22:38 IST">
      <class name="com.autodeskcrm.assignment2.CreateOrgAndDeleteTest">
        <test-method status="PASS" signature="createORgtest()[pri:0, instance:com.autodeskcrm.assignment2.CreateOrgAndDeleteTest@2d8f65a4]" name="createORgtest" duration-ms="33781" started-at="2020-08-04T10:22:04 IST" finished-at="2020-08-04T10:22:38 IST">
          <reporter-output>
          </reporter-output>
        </test-method> <!-- createORgtest -->
      </class> <!-- com.autodeskcrm.assignment2.CreateOrgAndDeleteTest -->
    </test> <!-- Default test -->
  </suite> <!-- Default suite -->
</testng-results>
